<?xml version="1.0" encoding="UTF-8"?>
<testng-results ignored="0" total="1" passed="1" failed="0" skipped="0">
  <reporter-output>
  </reporter-output>
  <suite started-at="2022-12-21T08:08:28 IST" name="Default suite" finished-at="2022-12-21T08:08:47 IST" duration-ms="18700">
    <groups>
    </groups>
    <test started-at="2022-12-21T08:08:28 IST" name="Default test" finished-at="2022-12-21T08:08:47 IST" duration-ms="18700">
      <class name="com.TutorialNinja.TestCases.HomePage">
        <test-method is-config="true" signature="setUp()[pri:0, instance:com.TutorialNinja.TestCases.HomePage@306e95ec]" started-at="2022-12-21T08:08:28 IST" name="setUp" finished-at="2022-12-21T08:08:47 IST" duration-ms="18266" status="PASS">
          <reporter-output>
          </reporter-output>
        </test-method> <!-- setUp -->
        <test-method signature="set()[pri:0, instance:com.TutorialNinja.TestCases.HomePage@306e95ec]" started-at="2022-12-21T08:08:47 IST" name="set" finished-at="2022-12-21T08:08:47 IST" duration-ms="9" status="PASS">
          <reporter-output>
          </reporter-output>
        </test-method> <!-- set -->
        <test-method is-config="true" signature="tearDown()[pri:0, instance:com.TutorialNinja.TestCases.HomePage@306e95ec]" started-at="2022-12-21T08:08:47 IST" name="tearDown" finished-at="2022-12-21T08:08:47 IST" duration-ms="379" status="PASS">
          <reporter-output>
          </reporter-output>
        </test-method> <!-- tearDown -->
      </class> <!-- com.TutorialNinja.TestCases.HomePage -->
    </test> <!-- Default test -->
  </suite> <!-- Default suite -->
</testng-results>
